<?xml version="1.0" encoding="UTF-8"?>
<testng-results total="7" passed="7" failed="0" skipped="0">
  <reporter-output>
  </reporter-output>
  <suite started-at="2022-08-26T12:42:17Z" name="Default suite" finished-at="2022-08-26T12:42:26Z" duration-ms="9341">
    <groups>
    </groups>
    <test started-at="2022-08-26T12:42:17Z" name="Default test" finished-at="2022-08-26T12:42:26Z" duration-ms="9341">
      <class name="com.pixbrandtestcases.TranquilleTestcases">
        <test-method is-config="true" signature="setUpReport(java.lang.reflect.Method)[pri:0, instance:com.pixbrandtestcases.TranquilleTestcases@409c54f]" started-at="2022-08-26T18:12:17Z" name="setUpReport" finished-at="2022-08-26T18:12:17Z" duration-ms="244" status="PASS">
          <params>
            <param index="0">
              <value>
                <![CDATA[public void com.pixbrandtestcases.TranquilleTestcases.UserList()]]>
              </value>
            </param>
          </params>
          <reporter-output>
          </reporter-output>
        </test-method> <!-- setUpReport -->
        <test-method signature="UserList()[pri:0, instance:com.pixbrandtestcases.TranquilleTestcases@409c54f]" started-at="2022-08-26T18:12:17Z" name="UserList" finished-at="2022-08-26T18:12:19Z" duration-ms="2426" status="PASS">
          <reporter-output>
          </reporter-output>
        </test-method> <!-- UserList -->
        <test-method is-config="true" signature="afterMethod(org.testng.ITestResult, java.lang.reflect.Method)[pri:0, instance:com.pixbrandtestcases.TranquilleTestcases@409c54f]" started-at="2022-08-26T18:12:19Z" name="afterMethod" finished-at="2022-08-26T18:12:19Z" duration-ms="1" status="PASS">
          <params>
            <param index="0">
              <value>
                <![CDATA[[TestResult name=UserList status=SUCCESS method=TranquilleTestcases.UserList()[pri:0, instance:com.pixbrandtestcases.TranquilleTestcases@409c54f] output={null}]]]>
              </value>
            </param>
            <param index="1">
              <value>
                <![CDATA[public void com.pixbrandtestcases.TranquilleTestcases.UserList()]]>
              </value>
            </param>
          </params>
          <reporter-output>
          </reporter-output>
        </test-method> <!-- afterMethod -->
        <test-method is-config="true" signature="setUpReport(java.lang.reflect.Method)[pri:0, instance:com.pixbrandtestcases.TranquilleTestcases@409c54f]" started-at="2022-08-26T18:12:19Z" name="setUpReport" finished-at="2022-08-26T18:12:19Z" duration-ms="1" status="PASS">
          <params>
            <param index="0">
              <value>
                <![CDATA[public void com.pixbrandtestcases.TranquilleTestcases.vendorRegistration()]]>
              </value>
            </param>
          </params>
          <reporter-output>
          </reporter-output>
        </test-method> <!-- setUpReport -->
        <test-method signature="vendorRegistration()[pri:0, instance:com.pixbrandtestcases.TranquilleTestcases@409c54f]" started-at="2022-08-26T18:12:19Z" name="vendorRegistration" finished-at="2022-08-26T18:12:21Z" duration-ms="1559" status="PASS">
          <reporter-output>
          </reporter-output>
        </test-method> <!-- vendorRegistration -->
        <test-method is-config="true" signature="afterMethod(org.testng.ITestResult, java.lang.reflect.Method)[pri:0, instance:com.pixbrandtestcases.TranquilleTestcases@409c54f]" started-at="2022-08-26T18:12:21Z" name="afterMethod" finished-at="2022-08-26T18:12:21Z" duration-ms="0" status="PASS">
          <params>
            <param index="0">
              <value>
                <![CDATA[[TestResult name=vendorRegistration status=SUCCESS method=TranquilleTestcases.vendorRegistration()[pri:0, instance:com.pixbrandtestcases.TranquilleTestcases@409c54f] output={null}]]]>
              </value>
            </param>
            <param index="1">
              <value>
                <![CDATA[public void com.pixbrandtestcases.TranquilleTestcases.vendorRegistration()]]>
              </value>
            </param>
          </params>
          <reporter-output>
          </reporter-output>
        </test-method> <!-- afterMethod -->
        <test-method signature="vendorregisterThree()[pri:0, instance:com.pixbrandtestcases.TranquilleTestcases@409c54f]" started-at="2022-08-26T18:12:21Z" name="vendorregisterThree" finished-at="2022-08-26T18:12:22Z" duration-ms="844" status="PASS">
          <reporter-output>
          </reporter-output>
        </test-method> <!-- vendorregisterThree -->
        <test-method is-config="true" signature="setUpReport(java.lang.reflect.Method)[pri:0, instance:com.pixbrandtestcases.TranquilleTestcases@409c54f]" started-at="2022-08-26T18:12:21Z" name="setUpReport" finished-at="2022-08-26T18:12:21Z" duration-ms="0" status="PASS">
          <params>
            <param index="0">
              <value>
                <![CDATA[public void com.pixbrandtestcases.TranquilleTestcases.vendorregisterThree()]]>
              </value>
            </param>
          </params>
          <reporter-output>
          </reporter-output>
        </test-method> <!-- setUpReport -->
        <test-method is-config="true" signature="afterMethod(org.testng.ITestResult, java.lang.reflect.Method)[pri:0, instance:com.pixbrandtestcases.TranquilleTestcases@409c54f]" started-at="2022-08-26T18:12:22Z" name="afterMethod" finished-at="2022-08-26T18:12:22Z" duration-ms="0" status="PASS">
          <params>
            <param index="0">
              <value>
                <![CDATA[[TestResult name=vendorregisterThree status=SUCCESS method=TranquilleTestcases.vendorregisterThree()[pri:0, instance:com.pixbrandtestcases.TranquilleTestcases@409c54f] output={null}]]]>
              </value>
            </param>
            <param index="1">
              <value>
                <![CDATA[public void com.pixbrandtestcases.TranquilleTestcases.vendorregisterThree()]]>
              </value>
            </param>
          </params>
          <reporter-output>
          </reporter-output>
        </test-method> <!-- afterMethod -->
        <test-method is-config="true" signature="setUpReport(java.lang.reflect.Method)[pri:0, instance:com.pixbrandtestcases.TranquilleTestcases@409c54f]" started-at="2022-08-26T18:12:22Z" name="setUpReport" finished-at="2022-08-26T18:12:22Z" duration-ms="0" status="PASS">
          <params>
            <param index="0">
              <value>
                <![CDATA[public void com.pixbrandtestcases.TranquilleTestcases.vendorRegisterWorkDemo()]]>
              </value>
            </param>
          </params>
          <reporter-output>
          </reporter-output>
        </test-method> <!-- setUpReport -->
        <test-method signature="vendorRegisterWorkDemo()[pri:0, instance:com.pixbrandtestcases.TranquilleTestcases@409c54f]" started-at="2022-08-26T18:12:22Z" name="vendorRegisterWorkDemo" finished-at="2022-08-26T18:12:23Z" duration-ms="898" status="PASS">
          <reporter-output>
          </reporter-output>
        </test-method> <!-- vendorRegisterWorkDemo -->
        <test-method is-config="true" signature="afterMethod(org.testng.ITestResult, java.lang.reflect.Method)[pri:0, instance:com.pixbrandtestcases.TranquilleTestcases@409c54f]" started-at="2022-08-26T18:12:23Z" name="afterMethod" finished-at="2022-08-26T18:12:23Z" duration-ms="0" status="PASS">
          <params>
            <param index="0">
              <value>
                <![CDATA[[TestResult name=vendorRegisterWorkDemo status=SUCCESS method=TranquilleTestcases.vendorRegisterWorkDemo()[pri:0, instance:com.pixbrandtestcases.TranquilleTestcases@409c54f] output={null}]]]>
              </value>
            </param>
            <param index="1">
              <value>
                <![CDATA[public void com.pixbrandtestcases.TranquilleTestcases.vendorRegisterWorkDemo()]]>
              </value>
            </param>
          </params>
          <reporter-output>
          </reporter-output>
        </test-method> <!-- afterMethod -->
        <test-method is-config="true" signature="setUpReport(java.lang.reflect.Method)[pri:0, instance:com.pixbrandtestcases.TranquilleTestcases@409c54f]" started-at="2022-08-26T18:12:23Z" name="setUpReport" finished-at="2022-08-26T18:12:23Z" duration-ms="1" status="PASS">
          <params>
            <param index="0">
              <value>
                <![CDATA[public void com.pixbrandtestcases.TranquilleTestcases.vendorRegisterLogo()]]>
              </value>
            </param>
          </params>
          <reporter-output>
          </reporter-output>
        </test-method> <!-- setUpReport -->
        <test-method signature="vendorRegisterLogo()[pri:0, instance:com.pixbrandtestcases.TranquilleTestcases@409c54f]" started-at="2022-08-26T18:12:23Z" name="vendorRegisterLogo" finished-at="2022-08-26T18:12:24Z" duration-ms="1664" status="PASS">
          <reporter-output>
          </reporter-output>
        </test-method> <!-- vendorRegisterLogo -->
        <test-method signature="vendorRegisterLocation()[pri:0, instance:com.pixbrandtestcases.TranquilleTestcases@409c54f]" started-at="2022-08-26T18:12:24Z" name="vendorRegisterLocation" finished-at="2022-08-26T18:12:25Z" duration-ms="837" status="PASS">
          <reporter-output>
          </reporter-output>
        </test-method> <!-- vendorRegisterLocation -->
        <test-method is-config="true" signature="afterMethod(org.testng.ITestResult, java.lang.reflect.Method)[pri:0, instance:com.pixbrandtestcases.TranquilleTestcases@409c54f]" started-at="2022-08-26T18:12:24Z" name="afterMethod" finished-at="2022-08-26T18:12:24Z" duration-ms="0" status="PASS">
          <params>
            <param index="0">
              <value>
                <![CDATA[[TestResult name=vendorRegisterLogo status=SUCCESS method=TranquilleTestcases.vendorRegisterLogo()[pri:0, instance:com.pixbrandtestcases.TranquilleTestcases@409c54f] output={null}]]]>
              </value>
            </param>
            <param index="1">
              <value>
                <![CDATA[public void com.pixbrandtestcases.TranquilleTestcases.vendorRegisterLogo()]]>
              </value>
            </param>
          </params>
          <reporter-output>
          </reporter-output>
        </test-method> <!-- afterMethod -->
        <test-method is-config="true" signature="setUpReport(java.lang.reflect.Method)[pri:0, instance:com.pixbrandtestcases.TranquilleTestcases@409c54f]" started-at="2022-08-26T18:12:24Z" name="setUpReport" finished-at="2022-08-26T18:12:24Z" duration-ms="0" status="PASS">
          <params>
            <param index="0">
              <value>
                <![CDATA[public void com.pixbrandtestcases.TranquilleTestcases.vendorRegisterLocation()]]>
              </value>
            </param>
          </params>
          <reporter-output>
          </reporter-output>
        </test-method> <!-- setUpReport -->
        <test-method is-config="true" signature="afterMethod(org.testng.ITestResult, java.lang.reflect.Method)[pri:0, instance:com.pixbrandtestcases.TranquilleTestcases@409c54f]" started-at="2022-08-26T18:12:25Z" name="afterMethod" finished-at="2022-08-26T18:12:25Z" duration-ms="2" status="PASS">
          <params>
            <param index="0">
              <value>
                <![CDATA[[TestResult name=vendorRegisterLocation status=SUCCESS method=TranquilleTestcases.vendorRegisterLocation()[pri:0, instance:com.pixbrandtestcases.TranquilleTestcases@409c54f] output={null}]]]>
              </value>
            </param>
            <param index="1">
              <value>
                <![CDATA[public void com.pixbrandtestcases.TranquilleTestcases.vendorRegisterLocation()]]>
              </value>
            </param>
          </params>
          <reporter-output>
          </reporter-output>
        </test-method> <!-- afterMethod -->
        <test-method is-config="true" signature="setUpReport(java.lang.reflect.Method)[pri:0, instance:com.pixbrandtestcases.TranquilleTestcases@409c54f]" started-at="2022-08-26T18:12:25Z" name="setUpReport" finished-at="2022-08-26T18:12:25Z" duration-ms="0" status="PASS">
          <params>
            <param index="0">
              <value>
                <![CDATA[public void com.pixbrandtestcases.TranquilleTestcases.vendorTreatments()]]>
              </value>
            </param>
          </params>
          <reporter-output>
          </reporter-output>
        </test-method> <!-- setUpReport -->
        <test-method signature="vendorTreatments()[pri:0, instance:com.pixbrandtestcases.TranquilleTestcases@409c54f]" started-at="2022-08-26T18:12:25Z" name="vendorTreatments" finished-at="2022-08-26T18:12:26Z" duration-ms="843" status="PASS">
          <reporter-output>
          </reporter-output>
        </test-method> <!-- vendorTreatments -->
        <test-method is-config="true" signature="afterMethod(org.testng.ITestResult, java.lang.reflect.Method)[pri:0, instance:com.pixbrandtestcases.TranquilleTestcases@409c54f]" started-at="2022-08-26T18:12:26Z" name="afterMethod" finished-at="2022-08-26T18:12:26Z" duration-ms="0" status="PASS">
          <params>
            <param index="0">
              <value>
                <![CDATA[[TestResult name=vendorTreatments status=SUCCESS method=TranquilleTestcases.vendorTreatments()[pri:0, instance:com.pixbrandtestcases.TranquilleTestcases@409c54f] output={null}]]]>
              </value>
            </param>
            <param index="1">
              <value>
                <![CDATA[public void com.pixbrandtestcases.TranquilleTestcases.vendorTreatments()]]>
              </value>
            </param>
          </params>
          <reporter-output>
          </reporter-output>
        </test-method> <!-- afterMethod -->
        <test-method is-config="true" signature="setUpFlushed()[pri:0, instance:com.pixbrandtestcases.TranquilleTestcases@409c54f]" started-at="2022-08-26T18:12:26Z" name="setUpFlushed" finished-at="2022-08-26T18:12:26Z" duration-ms="257" status="PASS">
          <reporter-output>
          </reporter-output>
        </test-method> <!-- setUpFlushed -->
      </class> <!-- com.pixbrandtestcases.TranquilleTestcases -->
    </test> <!-- Default test -->
  </suite> <!-- Default suite -->
</testng-results>
