<?xml version="1.0" encoding="UTF-8"?>
<!-- Generated by org.testng.reporters.JUnitXMLReporter -->
<testsuite hostname="BAIPL-PC-HR2" failures="0" tests="9" name="Default test" time="18.87" errors="0" timestamp="28 Aug 2022 08:15:09 GMT">
  <testcase classname="com.pixbrandtestcases.TranquilleTestcases" name="GetCountry" time="6.383"/>
  <testcase classname="com.pixbrandtestcases.TranquilleTestcases" name="GetLanguage" time="1.911"/>
  <testcase classname="com.pixbrandtestcases.TranquilleTestcases" name="GetServices" time="0.882"/>
  <testcase classname="com.pixbrandtestcases.TranquilleTestcases" name="vendorRegistration" time="2.644"/>
  <testcase classname="com.pixbrandtestcases.TranquilleTestcases" name="vendorregisterThree" time="1.196"/>
  <testcase classname="com.pixbrandtestcases.TranquilleTestcases" name="vendorRegisterWorkDemo" time="0.987"/>
  <testcase classname="com.pixbrandtestcases.TranquilleTestcases" name="vendorRegisterLogo" time="2.431"/>
  <testcase classname="com.pixbrandtestcases.TranquilleTestcases" name="vendorRegisterLocation" time="0.864"/>
  <testcase classname="com.pixbrandtestcases.TranquilleTestcases" name="vendorTreatments" time="0.839"/>
</testsuite> <!-- Default test -->
