<?xml version="1.0" encoding="UTF-8"?>
<!-- Generated by org.testng.reporters.JUnitXMLReporter -->
<testsuite hostname="BAIPL-PC-HR2" failures="0" tests="7" name="Default test" time="9.341" errors="0" timestamp="26 Aug 2022 12:42:26 GMT">
  <testcase classname="com.pixbrandtestcases.TranquilleTestcases" name="UserList" time="2.426"/>
  <testcase classname="com.pixbrandtestcases.TranquilleTestcases" name="vendorRegistration" time="1.559"/>
  <testcase classname="com.pixbrandtestcases.TranquilleTestcases" name="vendorregisterThree" time="0.844"/>
  <testcase classname="com.pixbrandtestcases.TranquilleTestcases" name="vendorRegisterWorkDemo" time="0.898"/>
  <testcase classname="com.pixbrandtestcases.TranquilleTestcases" name="vendorRegisterLogo" time="1.664"/>
  <testcase classname="com.pixbrandtestcases.TranquilleTestcases" name="vendorRegisterLocation" time="0.837"/>
  <testcase classname="com.pixbrandtestcases.TranquilleTestcases" name="vendorTreatments" time="0.843"/>
</testsuite> <!-- Default test -->
